0 info it worked if it ends with ok
1 verbose cli [ '/home/jirka/.nvm/v0.10.26/bin/node',
1 verbose cli   '/home/jirka/.nvm/v0.10.26/bin/npm',
1 verbose cli   'install',
1 verbose cli   'ngStorage' ]
2 info using npm@1.4.3
3 info using node@v0.10.26
4 verbose readDependencies using package.json deps
5 verbose cache add [ 'ngStorage', null ]
6 verbose cache add name=undefined spec="ngStorage" args=["ngStorage",null]
7 verbose parsed url { protocol: null,
7 verbose parsed url   slashes: null,
7 verbose parsed url   auth: null,
7 verbose parsed url   host: null,
7 verbose parsed url   port: null,
7 verbose parsed url   hostname: null,
7 verbose parsed url   hash: null,
7 verbose parsed url   search: null,
7 verbose parsed url   query: null,
7 verbose parsed url   pathname: 'ngStorage',
7 verbose parsed url   path: 'ngStorage',
7 verbose parsed url   href: 'ngStorage' }
8 silly lockFile d372c7e0-ngStorage ngStorage
9 verbose lock ngStorage /home/jirka/.npm/d372c7e0-ngStorage.lock
10 silly lockFile d372c7e0-ngStorage ngStorage
11 silly lockFile d372c7e0-ngStorage ngStorage
12 verbose addNamed [ 'ngStorage', '' ]
13 verbose addNamed [ null, '*' ]
14 silly lockFile 219aff1d-ngStorage ngStorage@
15 verbose lock ngStorage@ /home/jirka/.npm/219aff1d-ngStorage.lock
16 silly addNameRange { name: 'ngStorage', range: '*', hasData: false }
17 verbose url raw ngStorage
18 verbose url resolving [ 'https://registry.npmjs.org/', './ngStorage' ]
19 verbose url resolved https://registry.npmjs.org/ngStorage
20 info trying registry request attempt 1 at 08:42:04
21 http GET https://registry.npmjs.org/ngStorage
22 http 404 https://registry.npmjs.org/ngStorage
23 silly registry.get cb [ 404,
23 silly registry.get   { date: 'Sat, 12 Jul 2014 06:42:05 GMT',
23 silly registry.get     server: 'CouchDB/1.5.0 (Erlang OTP/R16B03)',
23 silly registry.get     'content-type': 'application/json',
23 silly registry.get     'cache-control': 'max-age=0',
23 silly registry.get     'content-length': '52',
23 silly registry.get     'accept-ranges': 'bytes',
23 silly registry.get     via: '1.1 varnish',
23 silly registry.get     age: '0',
23 silly registry.get     'x-served-by': 'cache-fra1221-FRA',
23 silly registry.get     'x-cache': 'MISS',
23 silly registry.get     'x-cache-hits': '0',
23 silly registry.get     'x-timer': 'S1405147325.093350,VS0,VE187',
23 silly registry.get     'keep-alive': 'timeout=10, max=50',
23 silly registry.get     connection: 'Keep-Alive' } ]
24 silly lockFile 219aff1d-ngStorage ngStorage@
25 silly lockFile 219aff1d-ngStorage ngStorage@
26 error 404 'ngStorage' is not in the npm registry.
26 error 404 You should bug the author to publish it
26 error 404 It was specified as a dependency of 'mySteroidsProject'
26 error 404
26 error 404 Note that you can also install from a
26 error 404 tarball, folder, or http url, or git url.
27 error System Linux 3.2.0-59-generic
28 error command "/home/jirka/.nvm/v0.10.26/bin/node" "/home/jirka/.nvm/v0.10.26/bin/npm" "install" "ngStorage"
29 error cwd /home/jirka/smoneybox2
30 error node -v v0.10.26
31 error npm -v 1.4.3
32 error code E404
33 verbose exit [ 1, true ]
